2025-10-29 01:16:03,981 - INFO - 📁 Файл данных не найден, создаю новый
2025-10-29 01:16:03,984 - INFO - 🤖 Запускаю Engl_Bot...
2025-10-29 01:16:03,985 - INFO - ✅ Бот готов к работе!
2025-10-29 01:16:14,706 - INFO - 📩 Khaiyom (6085256368): /start
2025-10-29 01:16:14,967 - INFO - ✅ Сообщение отправлено пользователю 6085256368
2025-10-29 01:16:18,072 - INFO - 📩 Khaiyom (6085256368): 📊 Прогресс
2025-10-29 01:16:18,298 - INFO - ✅ Сообщение отправлено пользователю 6085256368
2025-10-29 01:18:53,964 - INFO - 📩 Khaiyom (6085256368): 🎯 Слова на сегодня
2025-10-29 01:18:54,185 - INFO - ✅ Сообщение отправлено пользователю 6085256368
2025-10-29 01:18:54,187 - INFO - 📚 Отправлены слова пользователю 6085256368
2025-10-29 01:18:56,762 - INFO - 📩 Khaiyom (6085256368): 🎧 Произношение
2025-10-29 01:18:56,993 - INFO - ✅ Сообщение отправлено пользователю 6085256368
2025-10-29 02:23:21,980 - INFO - 🛑 Бот остановлен пользователем
2025-10-29 02:23:21,997 - INFO - 💾 Данные успешно сохранены
2025-10-29 12:17:19,157 - INFO - ✅ Данные успешно загружены
2025-10-29 12:17:19,159 - INFO - 🤖 Запускаю Engl_Bot...
2025-10-29 12:17:19,160 - INFO - ✅ Бот готов к работе!
2025-10-29 12:17:19,557 - INFO - 📩 Bogdan (1669821143): /start
2025-10-29 12:17:20,086 - INFO - ✅ Сообщение отправлено пользователю 1669821143
2025-10-29 12:17:28,456 - INFO - 📩 Khaiyom (6085256368): 📊 Прогресс
2025-10-29 12:17:28,982 - INFO - ✅ Сообщение отправлено пользователю 6085256368
2025-10-29 12:17:41,809 - INFO - 📩 Bogdan (1669821143): /start
2025-10-29 12:17:42,207 - INFO - ✅ Сообщение отправлено пользователю 1669821143
2025-10-29 12:24:28,342 - WARNING - 🔌 Ошибка соединения при получении обновлений
2025-10-29 12:27:03,986 - INFO - 📩 Bogdan (1669821143): 🎯 Слова на сегодня
2025-10-29 12:27:04,344 - INFO - ✅ Сообщение отправлено пользователю 1669821143
2025-10-29 12:27:04,345 - INFO - 📚 Отправлены слова пользователю 1669821143
2025-10-29 12:33:02,169 - INFO - 📩 Bogdan (1669821143): 📝 Упражнение
2025-10-29 12:33:02,555 - INFO - ✅ Сообщение отправлено пользователю 1669821143
2025-10-29 12:33:14,125 - INFO - 📩 Bogdan (1669821143): Thanks
2025-10-29 12:33:14,595 - INFO - ✅ Сообщение отправлено пользователю 1669821143
2025-10-29 12:33:24,618 - INFO - 📩 Bogdan (1669821143): 📊 Прогресс
2025-10-29 12:33:25,037 - INFO - ✅ Сообщение отправлено пользователю 1669821143
2025-10-29 12:49:07,842 - INFO - ⏰ Таймаут при получении обновлений (нормально для long polling)
2025-10-29 12:49:20,376 - WARNING - 🔌 Ошибка соединения при получении обновлений
2025-10-29 13:19:47,408 - WARNING - 🔌 Ошибка соединения при получении обновлений
2025-10-29 13:19:48,495 - WARNING - 🔌 Ошибка соединения при получении обновлений
2025-10-29 13:19:49,315 - WARNING - 🔌 Ошибка соединения при получении обновлений
2025-10-30 10:58:39,085 - WARNING - 🔌 Ошибка соединения при получении обновлений
2025-10-30 10:58:39,762 - WARNING - 🔌 Ошибка соединения при получении обновлений
2025-10-30 10:58:40,821 - WARNING - 🔌 Ошибка соединения при получении обновлений
2025-10-30 10:58:41,782 - WARNING - 🔌 Ошибка соединения при получении обновлений
2025-10-30 10:58:42,771 - WARNING - 🔌 Ошибка соединения при получении обновлений
2025-10-30 10:58:43,828 - WARNING - 🔌 Ошибка соединения при получении обновлений
2025-10-30 10:58:44,487 - WARNING - 🔌 Ошибка соединения при получении обновлений
2025-10-30 10:58:45,280 - WARNING - 🔌 Ошибка соединения при получении обновлений
2025-10-30 10:58:46,392 - WARNING - 🔌 Ошибка соединения при получении обновлений
2025-10-30 10:58:48,079 - WARNING - 🔌 Ошибка соединения при получении обновлений
2025-10-30 10:58:48,804 - WARNING - 🔌 Ошибка соединения при получении обновлений
2025-10-30 10:58:50,798 - WARNING - 🔌 Ошибка соединения при получении обновлений
2025-10-30 10:58:51,477 - WARNING - 🔌 Ошибка соединения при получении обновлений
2025-10-30 10:58:52,499 - WARNING - 🔌 Ошибка соединения при получении обновлений
2025-10-30 10:58:53,252 - WARNING - 🔌 Ошибка соединения при получении обновлений
2025-10-30 10:58:53,968 - WARNING - 🔌 Ошибка соединения при получении обновлений
2025-10-30 10:58:54,874 - WARNING - 🔌 Ошибка соединения при получении обновлений
2025-10-30 10:58:55,477 - WARNING - 🔌 Ошибка соединения при получении обновлений
2025-10-30 10:58:56,102 - WARNING - 🔌 Ошибка соединения при получении обновлений
2025-10-30 10:58:57,080 - WARNING - 🔌 Ошибка соединения при получении обновлений
2025-10-30 10:58:57,877 - WARNING - 🔌 Ошибка соединения при получении обновлений
2025-10-30 10:58:58,544 - WARNING - 🔌 Ошибка соединения при получении обновлений
2025-10-30 10:58:59,185 - WARNING - 🔌 Ошибка соединения при получении обновлений
2025-10-30 10:59:00,090 - WARNING - 🔌 Ошибка соединения при получении обновлений
2025-10-30 10:59:00,676 - WARNING - 🔌 Ошибка соединения при получении обновлений
2025-10-30 10:59:01,336 - WARNING - 🔌 Ошибка соединения при получении обновлений
2025-10-30 10:59:02,003 - WARNING - 🔌 Ошибка соединения при получении обновлений
2025-10-30 10:59:02,591 - WARNING - 🔌 Ошибка соединения при получении обновлений
2025-10-30 10:59:03,246 - WARNING - 🔌 Ошибка соединения при получении обновлений
2025-10-30 10:59:03,810 - WARNING - 🔌 Ошибка соединения при получении обновлений
2025-10-30 10:59:04,388 - WARNING - 🔌 Ошибка соединения при получении обновлений
2025-10-30 10:59:04,987 - WARNING - 🔌 Ошибка соединения при получении обновлений
2025-10-30 10:59:05,572 - WARNING - 🔌 Ошибка соединения при получении обновлений
2025-10-30 10:59:06,136 - WARNING - 🔌 Ошибка соединения при получении обновлений
2025-10-30 10:59:06,792 - WARNING - 🔌 Ошибка соединения при получении обновлений
2025-10-30 10:59:07,385 - WARNING - 🔌 Ошибка соединения при получении обновлений
2025-10-30 10:59:07,942 - WARNING - 🔌 Ошибка соединения при получении обновлений
2025-10-30 10:59:08,481 - WARNING - 🔌 Ошибка соединения при получении обновлений
2025-10-30 10:59:09,043 - WARNING - 🔌 Ошибка соединения при получении обновлений
2025-10-30 10:59:09,619 - WARNING - 🔌 Ошибка соединения при получении обновлений
2025-10-30 10:59:10,252 - WARNING - 🔌 Ошибка соединения при получении обновлений
2025-10-30 10:59:10,911 - WARNING - 🔌 Ошибка соединения при получении обновлений
2025-10-30 10:59:11,629 - WARNING - 🔌 Ошибка соединения при получении обновлений
2025-10-30 10:59:12,211 - WARNING - 🔌 Ошибка соединения при получении обновлений
2025-10-30 10:59:12,827 - WARNING - 🔌 Ошибка соединения при получении обновлений
2025-10-30 10:59:13,431 - WARNING - 🔌 Ошибка соединения при получении обновлений
2025-10-30 10:59:14,042 - WARNING - 🔌 Ошибка соединения при получении обновлений
2025-10-30 10:59:14,615 - WARNING - 🔌 Ошибка соединения при получении обновлений
2025-10-30 10:59:15,317 - WARNING - 🔌 Ошибка соединения при получении обновлений
2025-10-30 10:59:15,882 - WARNING - 🔌 Ошибка соединения при получении обновлений
2025-10-30 10:59:16,481 - WARNING - 🔌 Ошибка соединения при получении обновлений
2025-10-30 10:59:17,092 - WARNING - 🔌 Ошибка соединения при получении обновлений
2025-10-30 10:59:17,714 - WARNING - 🔌 Ошибка соединения при получении обновлений
2025-10-30 10:59:18,380 - WARNING - 🔌 Ошибка соединения при получении обновлений
2025-10-30 10:59:19,232 - WARNING - 🔌 Ошибка соединения при получении обновлений
2025-10-30 10:59:19,955 - WARNING - 🔌 Ошибка соединения при получении обновлений
2025-10-30 10:59:20,526 - WARNING - 🔌 Ошибка соединения при получении обновлений
2025-10-30 10:59:21,111 - WARNING - 🔌 Ошибка соединения при получении обновлений
2025-10-30 10:59:21,912 - WARNING - 🔌 Ошибка соединения при получении обновлений
2025-10-30 10:59:22,495 - WARNING - 🔌 Ошибка соединения при получении обновлений
2025-10-30 10:59:23,070 - WARNING - 🔌 Ошибка соединения при получении обновлений
2025-10-30 10:59:23,631 - WARNING - 🔌 Ошибка соединения при получении обновлений
2025-10-30 10:59:24,242 - WARNING - 🔌 Ошибка соединения при получении обновлений
2025-10-30 10:59:24,811 - WARNING - 🔌 Ошибка соединения при получении обновлений
2025-10-30 10:59:25,386 - WARNING - 🔌 Ошибка соединения при получении обновлений
2025-10-30 10:59:25,941 - WARNING - 🔌 Ошибка соединения при получении обновлений
2025-10-30 10:59:26,530 - WARNING - 🔌 Ошибка соединения при получении обновлений
2025-10-30 10:59:27,122 - WARNING - 🔌 Ошибка соединения при получении обновлений
2025-10-30 10:59:27,700 - WARNING - 🔌 Ошибка соединения при получении обновлений
2025-10-30 10:59:28,281 - WARNING - 🔌 Ошибка соединения при получении обновлений
2025-10-30 10:59:28,885 - WARNING - 🔌 Ошибка соединения при получении обновлений
2025-10-30 10:59:29,464 - WARNING - 🔌 Ошибка соединения при получении обновлений
2025-10-30 10:59:30,093 - WARNING - 🔌 Ошибка соединения при получении обновлений
2025-10-30 10:59:30,861 - WARNING - 🔌 Ошибка соединения при получении обновлений
2025-10-30 10:59:31,681 - WARNING - 🔌 Ошибка соединения при получении обновлений
2025-10-30 10:59:33,280 - WARNING - 🔌 Ошибка соединения при получении обновлений
2025-10-30 10:59:33,832 - WARNING - 🔌 Ошибка соединения при получении обновлений
2025-10-30 10:59:34,451 - WARNING - 🔌 Ошибка соединения при получении обновлений
2025-10-30 10:59:35,072 - WARNING - 🔌 Ошибка соединения при получении обновлений
2025-10-30 10:59:35,621 - WARNING - 🔌 Ошибка соединения при получении обновлений
2025-10-30 10:59:36,194 - WARNING - 🔌 Ошибка соединения при получении обновлений
2025-10-30 10:59:36,731 - WARNING - 🔌 Ошибка соединения при получении обновлений
2025-10-30 10:59:37,308 - WARNING - 🔌 Ошибка соединения при получении обновлений
2025-10-30 10:59:37,914 - WARNING - 🔌 Ошибка соединения при получении обновлений
2025-10-30 10:59:38,462 - WARNING - 🔌 Ошибка соединения при получении обновлений
2025-10-30 10:59:39,013 - WARNING - 🔌 Ошибка соединения при получении обновлений
2025-10-30 10:59:39,609 - WARNING - 🔌 Ошибка соединения при получении обновлений
2025-10-30 10:59:40,222 - WARNING - 🔌 Ошибка соединения при получении обновлений
2025-10-30 10:59:40,802 - WARNING - 🔌 Ошибка соединения при получении обновлений
2025-10-30 10:59:41,373 - WARNING - 🔌 Ошибка соединения при получении обновлений
2025-10-30 10:59:42,066 - WARNING - 🔌 Ошибка соединения при получении обновлений
2025-10-30 10:59:42,821 - WARNING - 🔌 Ошибка соединения при получении обновлений
2025-10-30 10:59:43,442 - WARNING - 🔌 Ошибка соединения при получении обновлений
2025-10-30 10:59:44,047 - WARNING - 🔌 Ошибка соединения при получении обновлений
2025-10-30 10:59:44,691 - WARNING - 🔌 Ошибка соединения при получении обновлений
2025-10-30 10:59:45,292 - WARNING - 🔌 Ошибка соединения при получении обновлений
2025-10-30 10:59:45,921 - WARNING - 🔌 Ошибка соединения при получении обновлений
2025-10-30 10:59:46,541 - WARNING - 🔌 Ошибка соединения при получении обновлений
2025-10-30 10:59:47,177 - WARNING - 🔌 Ошибка соединения при получении обновлений
2025-10-30 10:59:47,722 - WARNING - 🔌 Ошибка соединения при получении обновлений
2025-10-30 10:59:48,262 - WARNING - 🔌 Ошибка соединения при получении обновлений
2025-10-30 10:59:48,846 - WARNING - 🔌 Ошибка соединения при получении обновлений
2025-10-30 10:59:49,423 - WARNING - 🔌 Ошибка соединения при получении обновлений
2025-10-30 10:59:50,001 - WARNING - 🔌 Ошибка соединения при получении обновлений
2025-10-30 10:59:50,588 - WARNING - 🔌 Ошибка соединения при получении обновлений
2025-10-30 10:59:51,204 - WARNING - 🔌 Ошибка соединения при получении обновлений
2025-10-30 10:59:51,757 - WARNING - 🔌 Ошибка соединения при получении обновлений
2025-10-30 10:59:52,330 - WARNING - 🔌 Ошибка соединения при получении обновлений
2025-10-30 10:59:52,953 - WARNING - 🔌 Ошибка соединения при получении обновлений
2025-10-30 10:59:53,506 - WARNING - 🔌 Ошибка соединения при получении обновлений
2025-10-30 10:59:54,303 - WARNING - 🔌 Ошибка соединения при получении обновлений
2025-10-30 10:59:54,903 - WARNING - 🔌 Ошибка соединения при получении обновлений
2025-10-30 10:59:55,508 - WARNING - 🔌 Ошибка соединения при получении обновлений
2025-10-30 10:59:56,104 - WARNING - 🔌 Ошибка соединения при получении обновлений
2025-10-30 10:59:56,676 - WARNING - 🔌 Ошибка соединения при получении обновлений
2025-10-30 10:59:57,352 - WARNING - 🔌 Ошибка соединения при получении обновлений
2025-10-30 10:59:57,952 - WARNING - 🔌 Ошибка соединения при получении обновлений
2025-10-30 10:59:58,701 - WARNING - 🔌 Ошибка соединения при получении обновлений
2025-10-30 10:59:59,773 - WARNING - 🔌 Ошибка соединения при получении обновлений
2025-10-30 11:00:01,095 - WARNING - 🔌 Ошибка соединения при получении обновлений
2025-10-30 11:00:02,771 - WARNING - 🔌 Ошибка соединения при получении обновлений
2025-10-30 11:00:03,332 - WARNING - 🔌 Ошибка соединения при получении обновлений
2025-10-30 11:00:03,978 - WARNING - 🔌 Ошибка соединения при получении обновлений
2025-10-30 11:00:04,539 - WARNING - 🔌 Ошибка соединения при получении обновлений
2025-10-30 11:00:05,154 - WARNING - 🔌 Ошибка соединения при получении обновлений
2025-10-30 11:00:05,712 - WARNING - 🔌 Ошибка соединения при получении обновлений
2025-10-30 11:00:06,512 - WARNING - 🔌 Ошибка соединения при получении обновлений
2025-10-30 11:00:07,083 - WARNING - 🔌 Ошибка соединения при получении обновлений
2025-10-30 11:00:07,689 - WARNING - 🔌 Ошибка соединения при получении обновлений
2025-10-30 11:00:08,264 - WARNING - 🔌 Ошибка соединения при получении обновлений
2025-10-30 11:00:08,823 - WARNING - 🔌 Ошибка соединения при получении обновлений
2025-10-30 11:00:09,410 - WARNING - 🔌 Ошибка соединения при получении обновлений
2025-10-30 11:00:10,102 - WARNING - 🔌 Ошибка соединения при получении обновлений
2025-10-30 11:00:10,672 - WARNING - 🔌 Ошибка соединения при получении обновлений
2025-10-30 11:00:11,392 - WARNING - 🔌 Ошибка соединения при получении обновлений
2025-10-30 11:00:11,953 - WARNING - 🔌 Ошибка соединения при получении обновлений
2025-10-30 11:00:12,568 - WARNING - 🔌 Ошибка соединения при получении обновлений
2025-10-30 11:00:13,142 - WARNING - 🔌 Ошибка соединения при получении обновлений
2025-10-30 11:00:13,804 - WARNING - 🔌 Ошибка соединения при получении обновлений
2025-10-30 11:00:14,422 - WARNING - 🔌 Ошибка соединения при получении обновлений
2025-10-30 11:00:15,042 - WARNING - 🔌 Ошибка соединения при получении обновлений
2025-10-30 11:00:15,612 - WARNING - 🔌 Ошибка соединения при получении обновлений
2025-10-30 11:00:16,195 - WARNING - 🔌 Ошибка соединения при получении обновлений
2025-10-30 11:00:16,802 - WARNING - 🔌 Ошибка соединения при получении обновлений
2025-10-30 11:00:18,365 - WARNING - 🔌 Ошибка соединения при получении обновлений
2025-10-30 11:00:18,972 - WARNING - 🔌 Ошибка соединения при получении обновлений
2025-10-30 11:00:19,702 - WARNING - 🔌 Ошибка соединения при получении обновлений
2025-10-30 11:00:20,292 - WARNING - 🔌 Ошибка соединения при получении обновлений
2025-10-30 11:00:20,876 - WARNING - 🔌 Ошибка соединения при получении обновлений
2025-10-30 11:00:21,442 - WARNING - 🔌 Ошибка соединения при получении обновлений
2025-10-30 11:00:22,005 - WARNING - 🔌 Ошибка соединения при получении обновлений
2025-10-30 11:00:22,625 - WARNING - 🔌 Ошибка соединения при получении обновлений
2025-10-30 11:00:23,245 - WARNING - 🔌 Ошибка соединения при получении обновлений
2025-10-30 11:00:23,812 - WARNING - 🔌 Ошибка соединения при получении обновлений
2025-10-30 11:00:24,463 - WARNING - 🔌 Ошибка соединения при получении обновлений
2025-10-30 11:00:25,098 - WARNING - 🔌 Ошибка соединения при получении обновлений
2025-10-30 11:00:25,684 - WARNING - 🔌 Ошибка соединения при получении обновлений
2025-10-30 11:00:26,232 - WARNING - 🔌 Ошибка соединения при получении обновлений
2025-10-30 11:00:26,823 - WARNING - 🔌 Ошибка соединения при получении обновлений
2025-10-30 11:00:27,394 - WARNING - 🔌 Ошибка соединения при получении обновлений
2025-10-30 11:00:27,973 - WARNING - 🔌 Ошибка соединения при получении обновлений
2025-10-30 11:00:28,522 - WARNING - 🔌 Ошибка соединения при получении обновлений
2025-10-30 11:00:29,063 - WARNING - 🔌 Ошибка соединения при получении обновлений
2025-10-30 11:00:29,652 - WARNING - 🔌 Ошибка соединения при получении обновлений
2025-10-30 11:00:30,247 - WARNING - 🔌 Ошибка соединения при получении обновлений
2025-10-30 11:00:31,123 - WARNING - 🔌 Ошибка соединения при получении обновлений
2025-10-30 11:00:31,703 - WARNING - 🔌 Ошибка соединения при получении обновлений
2025-10-30 11:00:32,274 - WARNING - 🔌 Ошибка соединения при получении обновлений
2025-10-30 11:00:32,823 - WARNING - 🔌 Ошибка соединения при получении обновлений
2025-10-30 11:00:33,693 - WARNING - 🔌 Ошибка соединения при получении обновлений
2025-10-30 11:00:34,293 - WARNING - 🔌 Ошибка соединения при получении обновлений
2025-10-30 11:00:34,913 - WARNING - 🔌 Ошибка соединения при получении обновлений
2025-10-30 11:00:35,545 - WARNING - 🔌 Ошибка соединения при получении обновлений
2025-10-30 11:00:36,113 - WARNING - 🔌 Ошибка соединения при получении обновлений
2025-10-30 11:00:36,677 - WARNING - 🔌 Ошибка соединения при получении обновлений
2025-10-30 11:00:37,264 - WARNING - 🔌 Ошибка соединения при получении обновлений
2025-10-30 11:00:37,862 - WARNING - 🔌 Ошибка соединения при получении обновлений
2025-10-30 11:00:38,425 - WARNING - 🔌 Ошибка соединения при получении обновлений
2025-10-30 11:00:39,090 - WARNING - 🔌 Ошибка соединения при получении обновлений
2025-10-30 11:00:39,672 - WARNING - 🔌 Ошибка соединения при получении обновлений
2025-10-30 11:00:40,256 - WARNING - 🔌 Ошибка соединения при получении обновлений
2025-10-30 11:00:40,835 - WARNING - 🔌 Ошибка соединения при получении обновлений
2025-10-30 11:00:41,382 - WARNING - 🔌 Ошибка соединения при получении обновлений
2025-10-30 11:00:41,982 - WARNING - 🔌 Ошибка соединения при получении обновлений
2025-10-30 11:00:42,821 - WARNING - 🔌 Ошибка соединения при получении обновлений
2025-10-30 11:00:43,407 - WARNING - 🔌 Ошибка соединения при получении обновлений
2025-10-30 11:00:43,941 - WARNING - 🔌 Ошибка соединения при получении обновлений
2025-10-30 11:00:44,460 - WARNING - 🔌 Ошибка соединения при получении обновлений
2025-10-30 11:00:44,965 - WARNING - 🔌 Ошибка соединения при получении обновлений
2025-10-30 11:00:45,471 - WARNING - 🔌 Ошибка соединения при получении обновлений
2025-10-30 11:00:45,975 - WARNING - 🔌 Ошибка соединения при получении обновлений
2025-10-30 11:00:46,484 - WARNING - 🔌 Ошибка соединения при получении обновлений
2025-10-30 11:00:46,988 - WARNING - 🔌 Ошибка соединения при получении обновлений
2025-10-30 11:00:47,498 - WARNING - 🔌 Ошибка соединения при получении обновлений
2025-10-30 11:00:48,005 - WARNING - 🔌 Ошибка соединения при получении обновлений
2025-10-30 11:00:48,516 - WARNING - 🔌 Ошибка соединения при получении обновлений
2025-10-30 11:00:49,025 - WARNING - 🔌 Ошибка соединения при получении обновлений
2025-10-30 11:00:49,537 - WARNING - 🔌 Ошибка соединения при получении обновлений
2025-10-30 11:00:50,759 - WARNING - 🔌 Ошибка соединения при получении обновлений
2025-10-30 11:00:51,657 - WARNING - 🔌 Ошибка соединения при получении обновлений
2025-10-30 11:41:23,978 - WARNING - 🔌 Ошибка соединения при получении обновлений
2025-10-30 12:44:35,547 - WARNING - 🔌 Ошибка соединения при получении обновлений
2025-10-30 12:44:36,273 - WARNING - 🔌 Ошибка соединения при получении обновлений
2025-10-30 12:44:37,212 - WARNING - 🔌 Ошибка соединения при получении обновлений
2025-10-30 12:44:38,162 - WARNING - 🔌 Ошибка соединения при получении обновлений
2025-10-30 12:44:39,076 - WARNING - 🔌 Ошибка соединения при получении обновлений
2025-10-30 12:44:39,987 - WARNING - 🔌 Ошибка соединения при получении обновлений
2025-10-30 12:44:40,558 - WARNING - 🔌 Ошибка соединения при получении обновлений
2025-10-30 12:44:41,165 - WARNING - 🔌 Ошибка соединения при получении обновлений
2025-10-30 12:44:41,798 - WARNING - 🔌 Ошибка соединения при получении обновлений
2025-10-30 12:44:42,507 - WARNING - 🔌 Ошибка соединения при получении обновлений
2025-10-30 12:44:43,131 - WARNING - 🔌 Ошибка соединения при получении обновлений
2025-10-30 12:44:43,822 - WARNING - 🔌 Ошибка соединения при получении обновлений
2025-10-30 12:44:44,624 - WARNING - 🔌 Ошибка соединения при получении обновлений
2025-10-30 12:44:45,337 - WARNING - 🔌 Ошибка соединения при получении обновлений
2025-10-30 12:44:46,296 - WARNING - 🔌 Ошибка соединения при получении обновлений
2025-10-30 12:44:47,203 - WARNING - 🔌 Ошибка соединения при получении обновлений
2025-10-30 12:44:48,111 - WARNING - 🔌 Ошибка соединения при получении обновлений
2025-10-30 12:44:48,795 - WARNING - 🔌 Ошибка соединения при получении обновлений
2025-10-30 12:44:49,424 - WARNING - 🔌 Ошибка соединения при получении обновлений
2025-10-30 12:44:50,061 - WARNING - 🔌 Ошибка соединения при получении обновлений
2025-10-30 12:44:50,645 - WARNING - 🔌 Ошибка соединения при получении обновлений
2025-10-30 12:44:51,381 - WARNING - 🔌 Ошибка соединения при получении обновлений
2025-10-30 12:44:52,121 - WARNING - 🔌 Ошибка соединения при получении обновлений
2025-10-30 12:44:52,735 - WARNING - 🔌 Ошибка соединения при получении обновлений
2025-10-30 12:44:53,360 - WARNING - 🔌 Ошибка соединения при получении обновлений
2025-10-30 12:45:19,991 - WARNING - 🔌 Ошибка соединения при получении обновлений
2025-10-30 12:49:39,010 - INFO - ⏰ Таймаут при получении обновлений (нормально для long polling)
2025-10-30 12:50:25,012 - WARNING - 🔌 Ошибка соединения при получении обновлений
2025-10-31 12:16:26,444 - WARNING - 🔌 Ошибка соединения при получении обновлений
2025-10-31 12:16:27,703 - WARNING - 🔌 Ошибка соединения при получении обновлений
2025-10-31 12:16:28,551 - WARNING - 🔌 Ошибка соединения при получении обновлений
2025-10-31 12:16:29,106 - WARNING - 🔌 Ошибка соединения при получении обновлений
2025-10-31 12:16:30,534 - WARNING - 🔌 Ошибка соединения при получении обновлений
2025-10-31 12:16:33,330 - WARNING - 🔌 Ошибка соединения при получении обновлений
2025-10-31 12:16:34,609 - WARNING - 🔌 Ошибка соединения при получении обновлений
2025-10-31 12:16:35,533 - WARNING - 🔌 Ошибка соединения при получении обновлений
2025-10-31 12:16:36,302 - WARNING - 🔌 Ошибка соединения при получении обновлений
2025-10-31 12:16:37,540 - WARNING - 🔌 Ошибка соединения при получении обновлений
2025-10-31 12:16:38,507 - WARNING - 🔌 Ошибка соединения при получении обновлений
2025-10-31 12:17:05,749 - WARNING - 🔌 Ошибка соединения при получении обновлений
2025-10-31 12:18:30,379 - WARNING - 🔌 Ошибка соединения при получении обновлений
2025-11-01 01:41:55,175 - INFO - ⏰ Таймаут при получении обновлений (нормально для long polling)
2025-11-01 02:00:05,580 - WARNING - 🔌 Ошибка соединения при получении обновлений
2025-11-03 00:46:31,803 - WARNING - 🔌 Ошибка соединения при получении обновлений
2025-11-03 00:46:33,330 - WARNING - 🔌 Ошибка соединения при получении обновлений
2025-11-03 00:46:35,015 - WARNING - 🔌 Ошибка соединения при получении обновлений
2025-11-03 00:46:37,342 - WARNING - 🔌 Ошибка соединения при получении обновлений
2025-11-03 00:46:38,585 - WARNING - 🔌 Ошибка соединения при получении обновлений
2025-11-03 00:46:39,660 - WARNING - 🔌 Ошибка соединения при получении обновлений
2025-11-03 00:46:41,060 - WARNING - 🔌 Ошибка соединения при получении обновлений
2025-11-03 00:46:42,241 - WARNING - 🔌 Ошибка соединения при получении обновлений
2025-11-03 00:46:43,322 - WARNING - 🔌 Ошибка соединения при получении обновлений
2025-11-03 00:46:44,249 - WARNING - 🔌 Ошибка соединения при получении обновлений
2025-11-03 00:46:45,196 - WARNING - 🔌 Ошибка соединения при получении обновлений
2025-11-03 00:46:45,970 - WARNING - 🔌 Ошибка соединения при получении обновлений
2025-11-03 00:46:46,937 - WARNING - 🔌 Ошибка соединения при получении обновлений
2025-11-03 00:46:47,917 - WARNING - 🔌 Ошибка соединения при получении обновлений
2025-11-03 00:47:14,908 - WARNING - 🔌 Ошибка соединения при получении обновлений
2025-11-03 03:09:43,299 - WARNING - 🔌 Ошибка соединения при получении обновлений
2025-11-03 17:35:50,054 - INFO - ⏰ Таймаут при получении обновлений (нормально для long polling)
2025-11-03 17:36:16,181 - WARNING - 🔌 Ошибка соединения при получении обновлений
2025-11-03 19:28:59,063 - WARNING - 🔌 Ошибка соединения при получении обновлений
2025-11-03 19:29:01,358 - WARNING - 🔌 Ошибка соединения при получении обновлений
2025-11-03 19:29:01,867 - WARNING - 🔌 Ошибка соединения при получении обновлений
2025-11-04 15:44:27,662 - WARNING - 🔌 Ошибка соединения при получении обновлений
2025-11-04 15:44:58,993 - WARNING - 🔌 Ошибка соединения при получении обновлений
2025-11-04 15:45:52,535 - WARNING - 🔌 Ошибка соединения при получении обновлений
2025-11-04 15:45:54,784 - WARNING - 🔌 Ошибка соединения при получении обновлений
2025-11-04 15:45:56,186 - WARNING - 🔌 Ошибка соединения при получении обновлений
2025-11-04 15:45:56,817 - WARNING - 🔌 Ошибка соединения при получении обновлений
2025-11-04 15:45:57,424 - WARNING - 🔌 Ошибка соединения при получении обновлений
2025-11-04 15:45:57,961 - WARNING - 🔌 Ошибка соединения при получении обновлений
2025-11-04 15:45:58,512 - WARNING - 🔌 Ошибка соединения при получении обновлений
2025-11-04 15:45:59,016 - WARNING - 🔌 Ошибка соединения при получении обновлений
2025-11-04 22:59:06,559 - WARNING - 🔌 Ошибка соединения при получении обновлений
2025-11-04 22:59:08,116 - WARNING - 🔌 Ошибка соединения при получении обновлений
2025-11-04 22:59:09,376 - WARNING - 🔌 Ошибка соединения при получении обновлений
2025-11-04 22:59:09,899 - WARNING - 🔌 Ошибка соединения при получении обновлений
2025-11-04 22:59:10,676 - WARNING - 🔌 Ошибка соединения при получении обновлений
2025-11-04 22:59:38,129 - WARNING - 🔌 Ошибка соединения при получении обновлений
2025-11-04 23:02:25,260 - WARNING - 🔌 Ошибка соединения при получении обновлений
2025-11-05 01:17:08,845 - WARNING - 🔌 Ошибка соединения при получении обновлений
2025-11-05 03:05:47,531 - WARNING - 🔌 Ошибка соединения при получении обновлений
2025-11-05 03:44:32,735 - WARNING - 🔌 Ошибка соединения при получении обновлений
2025-11-05 05:10:26,457 - INFO - ⏰ Таймаут при получении обновлений (нормально для long polling)
2025-11-05 05:33:25,539 - WARNING - 🔌 Ошибка соединения при получении обновлений
